<?xml version="1.0" encoding="UTF-8"?>
<testng-results ignored="0" total="1" passed="1" failed="0" skipped="0">
  <reporter-output>
  </reporter-output>
  <suite started-at="2026-02-06T09:44:47 IST" name="Default suite" finished-at="2026-02-06T09:44:56 IST" duration-ms="8690">
    <groups>
    </groups>
    <test started-at="2026-02-06T09:44:47 IST" name="Default test" finished-at="2026-02-06T09:44:56 IST" duration-ms="8690">
      <class name="Automation.ClaaDev">
        <test-method signature="test()[pri:0, instance:Automation.ClaaDev@692f203f]" started-at="2026-02-06T09:44:47 IST" name="test" finished-at="2026-02-06T09:44:56 IST" duration-ms="8587" status="PASS">
          <reporter-output>
          </reporter-output>
        </test-method> <!-- test -->
      </class> <!-- Automation.ClaaDev -->
    </test> <!-- Default test -->
  </suite> <!-- Default suite -->
</testng-results>
